DEBUG 2019-04-24 23:26:12,348 - DEBUG: CHECKPOINT1-{tweetLocation}
DEBUG 2019-04-24 23:26:12,364 - DEBUG: CHECKPOINT1-{tweetLocation}
DEBUG 2019-04-24 23:26:12,364 - DEBUG: CHECKPOINT1.1-COMMONWEALTH LUZON INVOLVING UV EXPRESS AND TRUCK
DEBUG 2019-04-24 23:26:12,395 - DEBUG: CHECKPOINT1-{tweetLocation}
DEBUG 2019-04-24 23:26:12,395 - DEBUG: CHECKPOINT1.1-EDSA ESTRELLA INVOLVING SUV AND CAR
DEBUG 2019-04-24 23:26:12,442 - DEBUG: CHECKPOINT1-{tweetLocation}
DEBUG 2019-04-24 23:26:12,489 - DEBUG: CHECKPOINT1-{tweetLocation}
DEBUG 2019-04-24 23:26:12,504 - DEBUG: CHECKPOINT1.1-QUEZON AVE EDSA TUNNEL INVOLVING 2 MC
DEBUG 2019-04-24 23:26:12,504 - DEBUG: CHECKPOINT1-{tweetLocation}
DEBUG 2019-04-24 23:26:12,551 - DEBUG: CHECKPOINT1-{tweetLocation}
DEBUG 2019-04-24 23:26:12,567 - DEBUG: CHECKPOINT1-{tweetLocation}
DEBUG 2019-04-24 23:26:12,598 - DEBUG: CHECKPOINT1-{tweetLocation}
DEBUG 2019-04-24 23:26:12,598 - DEBUG: CHECKPOINT1.1-KATIPUNAN UP TOWN INVOLVING AUV AND MC
DEBUG 2019-04-24 23:26:12,660 - DEBUG: CHECKPOINT1-{tweetLocation}
DEBUG 2019-04-24 23:26:12,660 - DEBUG: CHECKPOINT1.1-EDSA ESTRELLA INVOLVING 2 VANS
DEBUG 2019-04-24 23:26:12,739 - DEBUG: CHECKPOINT1-{tweetLocation}
DEBUG 2019-04-24 23:26:12,739 - DEBUG: CHECKPOINT1.1-AURORA KATIPUNAN INVOLVING PICK UP AND TRUCK
DEBUG 2019-04-24 23:26:12,832 - DEBUG: CHECKPOINT1-{tweetLocation}
DEBUG 2019-04-24 23:26:12,832 - DEBUG: CHECKPOINT1.1-AURORA PSBA INVOLVING AUV AND 10 WHEELER TRUCK
DEBUG 2019-04-24 23:26:12,910 - DEBUG: CHECKPOINT1-{tweetLocation}
DEBUG 2019-04-24 23:26:12,942 - DEBUG: CHECKPOINT1-{tweetLocation}
DEBUG 2019-04-24 23:26:20,029 - DEBUG: CHECKPOINT1-{tweetLocation}
DEBUG 2019-04-24 23:26:20,029 - DEBUG: CHECKPOINT1.1-AURORA KATIPUNAN INVOLVING SUV AND PUJ
DEBUG 2019-04-24 23:26:20,067 - DEBUG: CHECKPOINT1-{tweetLocation}
DEBUG 2019-04-24 23:26:20,098 - DEBUG: CHECKPOINT1-{tweetLocation}
DEBUG 2019-04-24 23:26:20,098 - DEBUG: CHECKPOINT1.1-EDSA SANTOLAN INVOLVING 2 CARS
DEBUG 2019-04-24 23:26:20,129 - DEBUG: CHECKPOINT1-{tweetLocation}
DEBUG 2019-04-24 23:26:20,129 - DEBUG: CHECKPOINT1.1-EDSA TIMOG INVOLVING PUJ AND MC
DEBUG 2019-04-24 23:26:20,145 - DEBUG: CHECKPOINT1-{tweetLocation}
DEBUG 2019-04-24 23:26:20,145 - DEBUG: CHECKPOINT1.1-EDSA KAMUNING INVOLVING BUS AND MC
DEBUG 2019-04-24 23:26:20,160 - DEBUG: CHECKPOINT1-{tweetLocation}
DEBUG 2019-04-24 23:26:20,160 - DEBUG: CHECKPOINT1.1-EDSA NPO INVOLVING TAXI AND MC
DEBUG 2019-04-24 23:26:57,660 - DEBUG: CHECKPOINT1-{tweetLocation}
DEBUG 2019-04-24 23:27:22,832 - DEBUG: CHECKPOINT1-{tweetLocation}
DEBUG 2019-04-24 23:27:22,832 - DEBUG: CHECKPOINT1.1-CP GARCIA KATIPUNAN INVOLVING MC AND VN
DEBUG 2019-04-24 23:27:22,847 - DEBUG: CHECKPOINT1-{tweetLocation}
DEBUG 2019-04-24 23:27:22,847 - DEBUG: CHECKPOINT1.1-MACAPAGAL BLVD NEAR COASTAL MALL INVOLVING TAXI
DEBUG 2019-04-24 23:27:32,800 - DEBUG: CHECKPOINT1-{tweetLocation}
DEBUG 2019-04-24 23:27:32,831 - DEBUG: CHECKPOINT1-{tweetLocation}
DEBUG 2019-04-24 23:27:32,847 - DEBUG: CHECKPOINT1-{tweetLocation}
DEBUG 2019-04-24 23:28:10,973 - DEBUG: CHECKPOINT1-{tweetLocation}
DEBUG 2019-04-24 23:28:26,395 - DEBUG: CHECKPOINT1-{tweetLocation}
DEBUG 2019-04-24 23:28:26,473 - DEBUG: CHECKPOINT1-{tweetLocation}
DEBUG 2019-04-24 23:28:26,473 - DEBUG: CHECKPOINT1.1-COMMONWEALTH LUZON INVOLVING UV EXPRESS AND PUJ
DEBUG 2019-04-24 23:28:26,520 - DEBUG: CHECKPOINT1-{tweetLocation}
DEBUG 2019-04-24 23:29:05,754 - DEBUG: CHECKPOINT1-{tweetLocation}
DEBUG 2019-04-24 23:29:05,754 - DEBUG: CHECKPOINT1.1-EDSA KALAYAAN INVOLVING AUV AND SUV
DEBUG 2019-04-24 23:29:05,769 - DEBUG: CHECKPOINT1-{tweetLocation}
DEBUG 2019-04-24 23:29:05,769 - DEBUG: CHECKPOINT1.1-EDSA NB SHAW TUNNEL INVOLVING CAR AND TAXI
DEBUG 2019-04-24 23:29:05,801 - DEBUG: CHECKPOINT1-{tweetLocation}
DEBUG 2019-04-24 23:29:05,801 - DEBUG: CHECKPOINT1.1-COMMONWEALTH WINSTON INVOLVING CAR AND MOTORCYCLE
DEBUG 2019-04-24 23:29:05,816 - DEBUG: CHECKPOINT1-{tweetLocation}
DEBUG 2019-04-24 23:29:05,816 - DEBUG: CHECKPOINT1.1-EDSA ESTRELLA INVOLVING AUV AND PICK-UP
DEBUG 2019-04-24 23:29:05,894 - DEBUG: CHECKPOINT1-{tweetLocation}
DEBUG 2019-04-24 23:29:05,894 - DEBUG: CHECKPOINT1.1-EDSA SHAW BLVD INVOLVING SUV AND BUS
DEBUG 2019-04-24 23:29:05,910 - DEBUG: CHECKPOINT1-{tweetLocation}
DEBUG 2019-04-24 23:29:05,910 - DEBUG: CHECKPOINT1.1-QUEZON AVE SCT ALBANO INVOLVING VAN AND SUV
DEBUG 2019-04-24 23:29:05,926 - DEBUG: CHECKPOINT1-{tweetLocation}
DEBUG 2019-04-24 23:29:05,926 - DEBUG: CHECKPOINT1.1-EDSA BONI LIGHT MALL INVOLVING CAR AND TAXI
DEBUG 2019-04-24 23:29:05,989 - DEBUG: CHECKPOINT1-{tweetLocation}
DEBUG 2019-04-24 23:29:05,989 - DEBUG: CHECKPOINT1.1-MINDANAO AVE SAUYO UTS INVOLVING CAR AND PUJ
DEBUG 2019-04-24 23:29:06,013 - DEBUG: CHECKPOINT1-{tweetLocation}
DEBUG 2019-04-24 23:29:06,014 - DEBUG: CHECKPOINT1.1-EDSA SHAW BLVD INVOLVING MOTORCYCLE AND BUS
DEBUG 2019-04-24 23:29:06,030 - DEBUG: CHECKPOINT1-{tweetLocation}
DEBUG 2019-04-24 23:29:06,030 - DEBUG: CHECKPOINT1.1-C5 LIBIS EASTWOOD INVOLVING MOTORCYCLE AND CAR
DEBUG 2019-04-24 23:29:14,660 - DEBUG: CHECKPOINT1-{tweetLocation}
DEBUG 2019-04-24 23:29:14,660 - DEBUG: CHECKPOINT1.1-ORTIGAS AVE MEDICAL CITY INVOLVING PUJ AND AUV
DEBUG 2019-04-24 23:29:14,706 - DEBUG: CHECKPOINT1-{tweetLocation}
DEBUG 2019-04-24 23:29:14,722 - DEBUG: CHECKPOINT1-{tweetLocation}
DEBUG 2019-04-24 23:29:14,722 - DEBUG: CHECKPOINT1.1-ORTIGAS AVE MERALCO INVOLVING 2 MOTORCYCLES
DEBUG 2019-04-24 23:29:14,753 - DEBUG: CHECKPOINT1-{tweetLocation}
DEBUG 2019-04-24 23:29:14,753 - DEBUG: CHECKPOINT1.1-EDSA P TUAZON INVOLVING 2 BUSES
DEBUG 2019-04-24 23:29:14,800 - DEBUG: CHECKPOINT1-{tweetLocation}
DEBUG 2019-04-24 23:29:14,800 - DEBUG: CHECKPOINT1.1-CONGRESSIONAL MINDANAO INVOLVING PUJ AND MC
